<?xml version="1.0" encoding="UTF-8"?>
<!-- Generated by org.testng.reporters.JUnitReportReporter -->
<testsuite hostname="DESKTOP-C2JSM5E" failures="0" tests="1" name="com.launch.GoogleLaunch" time="43.922" errors="0" timestamp="8 Apr 2023 14:32:20 GMT">
  <testcase classname="com.launch.GoogleLaunch" name="setUp" time="43.922"/>
</testsuite> <!-- com.launch.GoogleLaunch -->
